  Campo.cpp
  CampoBattaglia.cpp
  ClientServerComunicazione.cpp
C:\Users\005do\Documents\COSE IMPORTANTI\GIOCO\progetto 3\client2\BattagliaNavale_Client_1.0\BattagliaNavale_Client_1.0\ClientServerComunicazione.h(8,10): warning C4067: token imprevisti dopo una direttiva per il preprocessore. Previsto un carattere di nuova riga
C:\Users\005do\Documents\COSE IMPORTANTI\GIOCO\progetto 3\client2\BattagliaNavale_Client_1.0\BattagliaNavale_Client_1.0\ClientServerComunicazione.cpp(43,90): warning C4267: 'argomento': conversione da 'size_t' a 'int'. Possibile perdita di dati.
C:\Users\005do\Documents\COSE IMPORTANTI\GIOCO\progetto 3\client2\BattagliaNavale_Client_1.0\BattagliaNavale_Client_1.0\ClientServerComunicazione.cpp(89,21): warning C4244: 'argomento': conversione da 'SOCKET' a 'int'. Possibile perdita di dati.
C:\Users\005do\Documents\COSE IMPORTANTI\GIOCO\progetto 3\client2\BattagliaNavale_Client_1.0\BattagliaNavale_Client_1.0\ClientServerComunicazione.cpp(95,48): warning C4244: 'argomento': conversione da 'SOCKET' a 'int'. Possibile perdita di dati.
  DisegnaContenuti.cpp
C:\Users\005do\Documents\COSE IMPORTANTI\GIOCO\progetto 3\client2\BattagliaNavale_Client_1.0\BattagliaNavale_Client_1.0\DisegnaContenuti.cpp(45,31): warning C4838: la conversione da 'int' a 'Uint8' richiede una conversione che supporta un minor numero di dati
C:\Users\005do\Documents\COSE IMPORTANTI\GIOCO\progetto 3\client2\BattagliaNavale_Client_1.0\BattagliaNavale_Client_1.0\DisegnaContenuti.cpp(45,38): warning C4838: la conversione da 'int' a 'Uint8' richiede una conversione che supporta un minor numero di dati
C:\Users\005do\Documents\COSE IMPORTANTI\GIOCO\progetto 3\client2\BattagliaNavale_Client_1.0\BattagliaNavale_Client_1.0\DisegnaContenuti.cpp(45,45): warning C4838: la conversione da 'int' a 'Uint8' richiede una conversione che supporta un minor numero di dati
  InterazioniUtente.cpp
  Main.cpp
C:\Users\005do\Documents\COSE IMPORTANTI\GIOCO\progetto 3\client2\BattagliaNavale_Client_1.0\BattagliaNavale_Client_1.0\ClientServerComunicazione.h(8,10): warning C4067: token imprevisti dopo una direttiva per il preprocessore. Previsto un carattere di nuova riga
C:\Users\005do\Documents\COSE IMPORTANTI\GIOCO\progetto 3\client2\BattagliaNavale_Client_1.0\BattagliaNavale_Client_1.0\Main.cpp(36,26): warning C4244: 'argomento': conversione da 'SOCKET' a 'int'. Possibile perdita di dati.
C:\Users\005do\Documents\COSE IMPORTANTI\GIOCO\progetto 3\client2\BattagliaNavale_Client_1.0\BattagliaNavale_Client_1.0\Main.cpp(94,53): warning C4244: 'argomento': conversione da 'SOCKET' a 'int'. Possibile perdita di dati.
C:\Users\005do\Documents\COSE IMPORTANTI\GIOCO\progetto 3\client2\BattagliaNavale_Client_1.0\BattagliaNavale_Client_1.0\Main.cpp(28,57): warning C4101: 'Csi': variabile locale senza riferimenti
C:\Users\005do\Documents\COSE IMPORTANTI\GIOCO\progetto 3\client2\BattagliaNavale_Client_1.0\BattagliaNavale_Client_1.0\Main.cpp(27,102): warning C4101: 'CcampoBattagl': variabile locale senza riferimenti
  Nave.cpp
  NaviVettore.cpp
  SchermataIniziale.cpp
C:\Users\005do\Documents\COSE IMPORTANTI\GIOCO\progetto 3\client2\BattagliaNavale_Client_1.0\BattagliaNavale_Client_1.0\ClientServerComunicazione.h(8,10): warning C4067: token imprevisti dopo una direttiva per il preprocessore. Previsto un carattere di nuova riga
  Texture.cpp
  Generazione del codice in corso...
  BattagliaNavale_Client_1.0.vcxproj -> C:\Users\005do\Documents\COSE IMPORTANTI\GIOCO\progetto 3\client2\BattagliaNavale_Client_1.0\x64\Debug\BattagliaNavale_Client_1.0.exe
