c:\users\matteo\onedrive\documenti\scuola\informatica\client-server\progetto_battaglia_navale\battaglianavale_client_1.0\battaglianavale_client_1.0\x64\debug\vc143.pdb
c:\users\matteo\onedrive\documenti\scuola\informatica\client-server\progetto_battaglia_navale\battaglianavale_client_1.0\battaglianavale_client_1.0\x64\debug\vc143.idb
c:\users\matteo\onedrive\documenti\scuola\informatica\client-server\progetto_battaglia_navale\battaglianavale_client_1.0\battaglianavale_client_1.0\x64\debug\texture.obj
c:\users\matteo\onedrive\documenti\scuola\informatica\client-server\progetto_battaglia_navale\battaglianavale_client_1.0\battaglianavale_client_1.0\x64\debug\schermatainiziale.obj
c:\users\matteo\onedrive\documenti\scuola\informatica\client-server\progetto_battaglia_navale\battaglianavale_client_1.0\battaglianavale_client_1.0\x64\debug\navivettore.obj
c:\users\matteo\onedrive\documenti\scuola\informatica\client-server\progetto_battaglia_navale\battaglianavale_client_1.0\battaglianavale_client_1.0\x64\debug\nave.obj
c:\users\matteo\onedrive\documenti\scuola\informatica\client-server\progetto_battaglia_navale\battaglianavale_client_1.0\battaglianavale_client_1.0\x64\debug\main.obj
c:\users\matteo\onedrive\documenti\scuola\informatica\client-server\progetto_battaglia_navale\battaglianavale_client_1.0\battaglianavale_client_1.0\x64\debug\interazioniutente.obj
c:\users\matteo\onedrive\documenti\scuola\informatica\client-server\progetto_battaglia_navale\battaglianavale_client_1.0\battaglianavale_client_1.0\x64\debug\disegnacontenuti.obj
c:\users\matteo\onedrive\documenti\scuola\informatica\client-server\progetto_battaglia_navale\battaglianavale_client_1.0\battaglianavale_client_1.0\x64\debug\clientservercomunicazione.obj
c:\users\matteo\onedrive\documenti\scuola\informatica\client-server\progetto_battaglia_navale\battaglianavale_client_1.0\battaglianavale_client_1.0\x64\debug\campobattaglia.obj
c:\users\matteo\onedrive\documenti\scuola\informatica\client-server\progetto_battaglia_navale\battaglianavale_client_1.0\battaglianavale_client_1.0\x64\debug\campo.obj
c:\users\matteo\onedrive\documenti\scuola\informatica\client-server\progetto_battaglia_navale\client2\battaglianavale_client_1.0\battaglianavale_client_1.0\x64\debug\vc143.pdb
c:\users\matteo\onedrive\documenti\scuola\informatica\client-server\progetto_battaglia_navale\client2\battaglianavale_client_1.0\battaglianavale_client_1.0\x64\debug\vc143.idb
c:\users\matteo\onedrive\documenti\scuola\informatica\client-server\progetto_battaglia_navale\client2\battaglianavale_client_1.0\battaglianavale_client_1.0\x64\debug\texture.obj
c:\users\matteo\onedrive\documenti\scuola\informatica\client-server\progetto_battaglia_navale\client2\battaglianavale_client_1.0\battaglianavale_client_1.0\x64\debug\schermatainiziale.obj
c:\users\matteo\onedrive\documenti\scuola\informatica\client-server\progetto_battaglia_navale\client2\battaglianavale_client_1.0\battaglianavale_client_1.0\x64\debug\navivettore.obj
c:\users\matteo\onedrive\documenti\scuola\informatica\client-server\progetto_battaglia_navale\client2\battaglianavale_client_1.0\battaglianavale_client_1.0\x64\debug\nave.obj
c:\users\matteo\onedrive\documenti\scuola\informatica\client-server\progetto_battaglia_navale\client2\battaglianavale_client_1.0\battaglianavale_client_1.0\x64\debug\main.obj
c:\users\matteo\onedrive\documenti\scuola\informatica\client-server\progetto_battaglia_navale\client2\battaglianavale_client_1.0\battaglianavale_client_1.0\x64\debug\interazioniutente.obj
c:\users\matteo\onedrive\documenti\scuola\informatica\client-server\progetto_battaglia_navale\client2\battaglianavale_client_1.0\battaglianavale_client_1.0\x64\debug\disegnacontenuti.obj
c:\users\matteo\onedrive\documenti\scuola\informatica\client-server\progetto_battaglia_navale\client2\battaglianavale_client_1.0\battaglianavale_client_1.0\x64\debug\clientservercomunicazione.obj
c:\users\matteo\onedrive\documenti\scuola\informatica\client-server\progetto_battaglia_navale\client2\battaglianavale_client_1.0\battaglianavale_client_1.0\x64\debug\campobattaglia.obj
c:\users\matteo\onedrive\documenti\scuola\informatica\client-server\progetto_battaglia_navale\client2\battaglianavale_client_1.0\battaglianavale_client_1.0\x64\debug\campo.obj
c:\users\matteo\onedrive\documenti\scuola\informatica\client-server\progetto_battaglia_navale\battaglianavale_client_1.0\x64\debug\battaglianavale_client_1.0.exe
c:\users\matteo\onedrive\documenti\scuola\informatica\client-server\progetto_battaglia_navale\battaglianavale_client_1.0\battaglianavale_client_1.0\x64\debug\battaglianavale_client_1.0.ilk
c:\users\matteo\onedrive\documenti\scuola\informatica\client-server\progetto_battaglia_navale\battaglianavale_client_1.0\x64\debug\battaglianavale_client_1.0.pdb
c:\users\matteo\onedrive\documenti\scuola\informatica\client-server\progetto_battaglia_navale\client2\battaglianavale_client_1.0\x64\debug\battaglianavale_client_1.0.exe
c:\users\matteo\onedrive\documenti\scuola\informatica\client-server\progetto_battaglia_navale\client2\battaglianavale_client_1.0\battaglianavale_client_1.0\x64\debug\battaglianavale_client_1.0.ilk
c:\users\matteo\onedrive\documenti\scuola\informatica\client-server\progetto_battaglia_navale\client2\battaglianavale_client_1.0\x64\debug\battaglianavale_client_1.0.pdb
c:\users\matteo\onedrive\documenti\scuola\informatica\client-server\progetto_battaglia_navale\client2\battaglianavale_client_1.0\battaglianavale_client_1.0\x64\debug\creanave.obj
c:\users\matteo\onedrive\documenti\scuola\informatica\client-server\progetto_battaglia_navale\client2\battaglianavale_client_1.0\battaglianavale_client_1.0\x64\debug\campo.obj.enc
c:\users\matteo\onedrive\documenti\scuola\informatica\client-server\progetto_battaglia_navale\client2\battaglianavale_client_1.0\battaglianavale_client_1.0\x64\debug\main.obj.enc
c:\users\matteo\onedrive\documenti\scuola\informatica\client-server\progetto_battaglia_navale\client2\battaglianavale_client_1.0\battaglianavale_client_1.0\x64\debug\battagli.c774fdce.tlog\cl.command.1.tlog
c:\users\matteo\onedrive\documenti\scuola\informatica\client-server\progetto_battaglia_navale\client2\battaglianavale_client_1.0\battaglianavale_client_1.0\x64\debug\battagli.c774fdce.tlog\cl.read.1.tlog
c:\users\matteo\onedrive\documenti\scuola\informatica\client-server\progetto_battaglia_navale\client2\battaglianavale_client_1.0\battaglianavale_client_1.0\x64\debug\battagli.c774fdce.tlog\cl.write.1.tlog
c:\users\matteo\onedrive\documenti\scuola\informatica\client-server\progetto_battaglia_navale\client2\battaglianavale_client_1.0\battaglianavale_client_1.0\x64\debug\battagli.c774fdce.tlog\link.command.1.tlog
c:\users\matteo\onedrive\documenti\scuola\informatica\client-server\progetto_battaglia_navale\client2\battaglianavale_client_1.0\battaglianavale_client_1.0\x64\debug\battagli.c774fdce.tlog\link.read.1.tlog
c:\users\matteo\onedrive\documenti\scuola\informatica\client-server\progetto_battaglia_navale\client2\battaglianavale_client_1.0\battaglianavale_client_1.0\x64\debug\battagli.c774fdce.tlog\link.write.1.tlog
